16:53:55.229 INFO - Selenium build info: version: '3.8.1', revision: '6e95a6684b'
16:53:55.229 INFO - Launching a standalone Selenium Server
2018-06-04 16:53:55.307:INFO::main: Logging initialized @265ms to org.seleniumhq.jetty9.util.log.StdErrLog
16:53:55.354 INFO - Using `new FirefoxOptions()` is preferred to `DesiredCapabilities.firefox()`
16:53:55.370 INFO - Using `new ChromeOptions()` is preferred to `DesiredCapabilities.chrome()`
16:53:55.370 INFO - Using `new EdgeOptions()` is preferred to `DesiredCapabilities.edge()`
16:53:55.370 INFO - Driver class not found: com.opera.core.systems.OperaDriver
16:53:55.370 INFO - Using `new OperaOptions()` is preferred to `DesiredCapabilities.operaBlink()`
16:53:55.370 INFO - Using `new SafariOptions()` is preferred to `DesiredCapabilities.safari()`
16:53:55.370 INFO - Driver class not found: org.openqa.selenium.phantomjs.PhantomJSDriver
16:53:55.407 INFO - Driver provider class org.openqa.selenium.safari.SafariDriver registration is skipped:
 registration capabilities Capabilities {browserName: safari, platform: MAC, version: } does not match the current platform WIN10
16:53:55.429 INFO - Using `new ChromeOptions()` is preferred to `DesiredCapabilities.chrome()`
16:53:55.429 INFO - Using `new EdgeOptions()` is preferred to `DesiredCapabilities.edge()`
16:53:55.429 INFO - Using `new FirefoxOptions()` is preferred to `DesiredCapabilities.firefox()`
16:53:55.429 INFO - Using `new OperaOptions()` is preferred to `DesiredCapabilities.operaBlink()`
16:53:55.429 INFO - Using `new SafariOptions()` is preferred to `DesiredCapabilities.safari()`
16:53:55.444 INFO - Using the passthrough mode handler
2018-06-04 16:53:55.476:INFO:osjs.Server:main: jetty-9.4.7.v20170914
2018-06-04 16:53:55.507:WARN:osjs.SecurityHandler:main: ServletContext@o.s.j.s.ServletContextHandler@17942a1{/,null,STARTING} has uncovered http methods for path: /
2018-06-04 16:53:55.507:INFO:osjsh.ContextHandler:main: Started o.s.j.s.ServletContextHandler@17942a1{/,null,AVAILABLE}
2018-06-04 16:53:55.679:INFO:osjs.AbstractConnector:main: Started ServerConnector@19b92f3{HTTP/1.1,[http/1.1]}{0.0.0.0:4445}
2018-06-04 16:53:55.679:INFO:osjs.Server:main: Started @644ms
16:53:55.679 INFO - Selenium Server is up and running
2018-06-04 16:53:55.991:INFO:osjshC.ROOT:qtp31816156-13: org.openqa.selenium.remote.server.WebDriverServlet-1faf8f2: Initialising WebDriverServlet
16:53:56.037 INFO - Found handler: org.openqa.selenium.remote.server.commandhandler.BeginSession@fbb04
16:53:56.037 INFO - /session: Executing POST on /session (handler: BeginSession)
16:53:56.084 INFO - Capabilities are: Capabilities {acceptSslCerts: true, browserName: chrome, javascriptEnabled: true, name: Tests}
16:53:56.084 INFO - Capabilities {acceptSslCerts: true, browserName: chrome, javascriptEnabled: true, name: Tests} matched class org.openqa.selenium.remote.server.ServicedSession$Factory (provider: org.openqa.selenium.chrome.ChromeDriverService)
Starting ChromeDriver 2.38.552522 (437e6fbedfa8762dec75e2c5b3ddb86763dc9dcb) on port 10219
Only local connections are allowed.
16:54:02.608 INFO - Detected dialect: OSS
16:54:02.937 INFO - Found handler: org.openqa.selenium.remote.server.ServicedSession@13ab5dd
16:54:02.937 INFO - Handler thread for session 1a7a520354f69f0cdb560c634d21ae26 (chrome): Executing POST on /session/1a7a520354f69f0cdb560c634d21ae26/url (handler: ServicedSession)
16:54:02.939 INFO - To upstream: {"url":"https://prism.dassharedservices.com"}
16:54:05.419 INFO - To downstream: {"sessionId":"1a7a520354f69f0cdb560c634d21ae26","status":0,"value":null}
16:54:05.442 INFO - Found handler: org.openqa.selenium.remote.server.ServicedSession@13ab5dd
16:54:05.450 INFO - Handler thread for session 1a7a520354f69f0cdb560c634d21ae26 (chrome): Executing POST on /session/1a7a520354f69f0cdb560c634d21ae26/element (handler: ServicedSession)
16:54:05.456 INFO - To upstream: {"using":"css selector","value":"img[class=\"logoImage\"]"}
16:54:05.488 INFO - To downstream: {"sessionId":"1a7a520354f69f0cdb560c634d21ae26","status":0,"value":{"ELEMENT":"0.8492712479681854-1"}}
16:54:05.502 INFO - Found handler: org.openqa.selenium.remote.server.ServicedSession@13ab5dd
16:54:05.502 INFO - Handler thread for session 1a7a520354f69f0cdb560c634d21ae26 (chrome): Executing GET on /session/1a7a520354f69f0cdb560c634d21ae26/element/0.8492712479681854-1/displayed (handler: ServicedSession)
16:54:05.537 INFO - To downstream: {"sessionId":"1a7a520354f69f0cdb560c634d21ae26","status":0,"value":true}
16:54:05.553 INFO - Found handler: org.openqa.selenium.remote.server.ServicedSession@13ab5dd
16:54:05.553 INFO - Handler thread for session 1a7a520354f69f0cdb560c634d21ae26 (chrome): Executing POST on /session/1a7a520354f69f0cdb560c634d21ae26/element (handler: ServicedSession)
16:54:05.553 INFO - To upstream: {"using":"css selector","value":"div[class=\"groupMargin\"]"}
16:54:05.591 INFO - To downstream: {"sessionId":"1a7a520354f69f0cdb560c634d21ae26","status":0,"value":{"ELEMENT":"0.8492712479681854-2"}}
16:54:05.594 INFO - Found handler: org.openqa.selenium.remote.server.ServicedSession@13ab5dd
16:54:05.595 INFO - Handler thread for session 1a7a520354f69f0cdb560c634d21ae26 (chrome): Executing GET on /session/1a7a520354f69f0cdb560c634d21ae26/element/0.8492712479681854-2/text (handler: ServicedSession)
16:54:05.621 INFO - To downstream: {"sessionId":"1a7a520354f69f0cdb560c634d21ae26","status":0,"value":"Sign in with one of these accounts"}
16:54:05.621 INFO - Found handler: org.openqa.selenium.remote.server.ServicedSession@13ab5dd
16:54:05.621 INFO - Handler thread for session 1a7a520354f69f0cdb560c634d21ae26 (chrome): Executing POST on /session/1a7a520354f69f0cdb560c634d21ae26/element (handler: ServicedSession)
16:54:05.621 INFO - To upstream: {"using":"css selector","value":"img[alt=\"DAS Shared Services\"]"}
16:54:05.652 INFO - To downstream: {"sessionId":"1a7a520354f69f0cdb560c634d21ae26","status":0,"value":{"ELEMENT":"0.8492712479681854-1"}}
16:54:05.657 INFO - Found handler: org.openqa.selenium.remote.server.ServicedSession@13ab5dd
16:54:05.658 INFO - Handler thread for session 1a7a520354f69f0cdb560c634d21ae26 (chrome): Executing GET on /session/1a7a520354f69f0cdb560c634d21ae26/element/0.8492712479681854-1/displayed (handler: ServicedSession)
16:54:05.678 INFO - To downstream: {"sessionId":"1a7a520354f69f0cdb560c634d21ae26","status":0,"value":true}
16:54:05.687 INFO - Found handler: org.openqa.selenium.remote.server.ServicedSession@13ab5dd
16:54:05.687 INFO - Handler thread for session 1a7a520354f69f0cdb560c634d21ae26 (chrome): Executing POST on /session/1a7a520354f69f0cdb560c634d21ae26/element (handler: ServicedSession)
16:54:05.690 INFO - To upstream: {"using":"css selector","value":"img[alt=\"MarketStar\"]"}
16:54:05.718 INFO - To downstream: {"sessionId":"1a7a520354f69f0cdb560c634d21ae26","status":0,"value":{"ELEMENT":"0.8492712479681854-3"}}
16:54:05.722 INFO - Found handler: org.openqa.selenium.remote.server.ServicedSession@13ab5dd
16:54:05.722 INFO - Handler thread for session 1a7a520354f69f0cdb560c634d21ae26 (chrome): Executing GET on /session/1a7a520354f69f0cdb560c634d21ae26/element/0.8492712479681854-3/displayed (handler: ServicedSession)
16:54:05.750 INFO - To downstream: {"sessionId":"1a7a520354f69f0cdb560c634d21ae26","status":0,"value":true}
16:54:05.758 INFO - Found handler: org.openqa.selenium.remote.server.ServicedSession@13ab5dd
16:54:05.758 INFO - Handler thread for session 1a7a520354f69f0cdb560c634d21ae26 (chrome): Executing POST on /session/1a7a520354f69f0cdb560c634d21ae26/element (handler: ServicedSession)
16:54:05.759 INFO - To upstream: {"using":"css selector","value":"img[alt=\"Creative Channel Retail\"]"}
16:54:05.781 INFO - To downstream: {"sessionId":"1a7a520354f69f0cdb560c634d21ae26","status":0,"value":{"ELEMENT":"0.8492712479681854-4"}}
16:54:05.785 INFO - Found handler: org.openqa.selenium.remote.server.ServicedSession@13ab5dd
16:54:05.785 INFO - Handler thread for session 1a7a520354f69f0cdb560c634d21ae26 (chrome): Executing GET on /session/1a7a520354f69f0cdb560c634d21ae26/element/0.8492712479681854-4/displayed (handler: ServicedSession)
16:54:05.815 INFO - To downstream: {"sessionId":"1a7a520354f69f0cdb560c634d21ae26","status":0,"value":true}
16:54:05.820 INFO - Found handler: org.openqa.selenium.remote.server.ServicedSession@13ab5dd
16:54:05.820 INFO - Handler thread for session 1a7a520354f69f0cdb560c634d21ae26 (chrome): Executing POST on /session/1a7a520354f69f0cdb560c634d21ae26/element (handler: ServicedSession)
16:54:05.822 INFO - To upstream: {"using":"css selector","value":"img[alt=\"Creative Channel Services\"]"}
16:54:05.844 INFO - To downstream: {"sessionId":"1a7a520354f69f0cdb560c634d21ae26","status":0,"value":{"ELEMENT":"0.8492712479681854-5"}}
16:54:05.847 INFO - Found handler: org.openqa.selenium.remote.server.ServicedSession@13ab5dd
16:54:05.848 INFO - Handler thread for session 1a7a520354f69f0cdb560c634d21ae26 (chrome): Executing GET on /session/1a7a520354f69f0cdb560c634d21ae26/element/0.8492712479681854-5/displayed (handler: ServicedSession)
16:54:05.881 INFO - To downstream: {"sessionId":"1a7a520354f69f0cdb560c634d21ae26","status":0,"value":true}
16:54:05.886 INFO - Found handler: org.openqa.selenium.remote.server.ServicedSession@13ab5dd
16:54:05.886 INFO - Handler thread for session 1a7a520354f69f0cdb560c634d21ae26 (chrome): Executing POST on /session/1a7a520354f69f0cdb560c634d21ae26/element (handler: ServicedSession)
16:54:05.887 INFO - To upstream: {"using":"css selector","value":"a[id=\"helpDesk\"]"}
16:54:05.910 INFO - To downstream: {"sessionId":"1a7a520354f69f0cdb560c634d21ae26","status":0,"value":{"ELEMENT":"0.8492712479681854-6"}}
16:54:05.913 INFO - Found handler: org.openqa.selenium.remote.server.ServicedSession@13ab5dd
16:54:05.914 INFO - Handler thread for session 1a7a520354f69f0cdb560c634d21ae26 (chrome): Executing GET on /session/1a7a520354f69f0cdb560c634d21ae26/element/0.8492712479681854-6/displayed (handler: ServicedSession)
16:54:05.945 INFO - To downstream: {"sessionId":"1a7a520354f69f0cdb560c634d21ae26","status":0,"value":true}
16:54:05.957 INFO - Found handler: org.openqa.selenium.remote.server.ServicedSession@13ab5dd
16:54:05.957 INFO - Handler thread for session 1a7a520354f69f0cdb560c634d21ae26 (chrome): Executing POST on /session/1a7a520354f69f0cdb560c634d21ae26/element (handler: ServicedSession)
16:54:05.962 INFO - To upstream: {"using":"css selector","value":"a[id=\"helpDesk\"]"}
16:54:05.971 INFO - To downstream: {"sessionId":"1a7a520354f69f0cdb560c634d21ae26","status":0,"value":{"ELEMENT":"0.8492712479681854-6"}}
16:54:05.971 INFO - Found handler: org.openqa.selenium.remote.server.ServicedSession@13ab5dd
16:54:05.971 INFO - Handler thread for session 1a7a520354f69f0cdb560c634d21ae26 (chrome): Executing GET on /session/1a7a520354f69f0cdb560c634d21ae26/element/0.8492712479681854-6/text (handler: ServicedSession)
16:54:06.016 INFO - To downstream: {"sessionId":"1a7a520354f69f0cdb560c634d21ae26","status":0,"value":"Help"}
16:54:06.028 INFO - Found handler: org.openqa.selenium.remote.server.ServicedSession@13ab5dd
16:54:06.028 INFO - Handler thread for session 1a7a520354f69f0cdb560c634d21ae26 (chrome): Executing POST on /session/1a7a520354f69f0cdb560c634d21ae26/element (handler: ServicedSession)
16:54:06.030 INFO - To upstream: {"using":"xpath","value":"//*[@id=\"bySelection\"]/div[2]/div/span"}
16:54:06.053 INFO - To downstream: {"sessionId":"1a7a520354f69f0cdb560c634d21ae26","status":0,"value":{"ELEMENT":"0.8492712479681854-7"}}
16:54:06.058 INFO - Found handler: org.openqa.selenium.remote.server.ServicedSession@13ab5dd
16:54:06.058 INFO - Handler thread for session 1a7a520354f69f0cdb560c634d21ae26 (chrome): Executing GET on /session/1a7a520354f69f0cdb560c634d21ae26/element/0.8492712479681854-7/text (handler: ServicedSession)
16:54:06.089 INFO - To downstream: {"sessionId":"1a7a520354f69f0cdb560c634d21ae26","status":0,"value":"DAS Shared Services"}
16:54:06.094 INFO - Found handler: org.openqa.selenium.remote.server.ServicedSession@13ab5dd
16:54:06.094 INFO - Handler thread for session 1a7a520354f69f0cdb560c634d21ae26 (chrome): Executing POST on /session/1a7a520354f69f0cdb560c634d21ae26/element (handler: ServicedSession)
16:54:06.096 INFO - To upstream: {"using":"xpath","value":"//*[@id=\"bySelection\"]/div[3]/div/span"}
16:54:06.126 INFO - To downstream: {"sessionId":"1a7a520354f69f0cdb560c634d21ae26","status":0,"value":{"ELEMENT":"0.8492712479681854-8"}}
16:54:06.130 INFO - Found handler: org.openqa.selenium.remote.server.ServicedSession@13ab5dd
16:54:06.130 INFO - Handler thread for session 1a7a520354f69f0cdb560c634d21ae26 (chrome): Executing GET on /session/1a7a520354f69f0cdb560c634d21ae26/element/0.8492712479681854-8/text (handler: ServicedSession)
16:54:06.156 INFO - To downstream: {"sessionId":"1a7a520354f69f0cdb560c634d21ae26","status":0,"value":"MarketStar"}
16:54:06.160 INFO - Found handler: org.openqa.selenium.remote.server.ServicedSession@13ab5dd
16:54:06.161 INFO - Handler thread for session 1a7a520354f69f0cdb560c634d21ae26 (chrome): Executing POST on /session/1a7a520354f69f0cdb560c634d21ae26/element (handler: ServicedSession)
16:54:06.163 INFO - To upstream: {"using":"xpath","value":"//*[@id=\"bySelection\"]/div[4]/div/span"}
16:54:06.190 INFO - To downstream: {"sessionId":"1a7a520354f69f0cdb560c634d21ae26","status":0,"value":{"ELEMENT":"0.8492712479681854-9"}}
16:54:06.194 INFO - Found handler: org.openqa.selenium.remote.server.ServicedSession@13ab5dd
16:54:06.194 INFO - Handler thread for session 1a7a520354f69f0cdb560c634d21ae26 (chrome): Executing GET on /session/1a7a520354f69f0cdb560c634d21ae26/element/0.8492712479681854-9/text (handler: ServicedSession)
16:54:06.222 INFO - To downstream: {"sessionId":"1a7a520354f69f0cdb560c634d21ae26","status":0,"value":"Creative Channel Retail"}
16:54:06.228 INFO - Found handler: org.openqa.selenium.remote.server.ServicedSession@13ab5dd
16:54:06.228 INFO - Handler thread for session 1a7a520354f69f0cdb560c634d21ae26 (chrome): Executing POST on /session/1a7a520354f69f0cdb560c634d21ae26/element (handler: ServicedSession)
16:54:06.230 INFO - To upstream: {"using":"xpath","value":"//*[@id=\"bySelection\"]/div[5]/div/span"}
16:54:06.259 INFO - To downstream: {"sessionId":"1a7a520354f69f0cdb560c634d21ae26","status":0,"value":{"ELEMENT":"0.8492712479681854-10"}}
16:54:06.263 INFO - Found handler: org.openqa.selenium.remote.server.ServicedSession@13ab5dd
16:54:06.263 INFO - Handler thread for session 1a7a520354f69f0cdb560c634d21ae26 (chrome): Executing GET on /session/1a7a520354f69f0cdb560c634d21ae26/element/0.8492712479681854-10/text (handler: ServicedSession)
16:54:06.288 INFO - To downstream: {"sessionId":"1a7a520354f69f0cdb560c634d21ae26","status":0,"value":"Creative Channel Services"}
16:54:06.288 INFO - Found handler: org.openqa.selenium.remote.server.ServicedSession@13ab5dd
16:54:06.288 INFO - Handler thread for session 1a7a520354f69f0cdb560c634d21ae26 (chrome): Executing POST on /session/1a7a520354f69f0cdb560c634d21ae26/url (handler: ServicedSession)
16:54:06.288 INFO - To upstream: {"url":"https://prism.dassharedservices.com"}
16:54:06.478 INFO - To downstream: {"sessionId":"1a7a520354f69f0cdb560c634d21ae26","status":0,"value":null}
16:54:06.484 INFO - Found handler: org.openqa.selenium.remote.server.ServicedSession@13ab5dd
16:54:06.485 INFO - Handler thread for session 1a7a520354f69f0cdb560c634d21ae26 (chrome): Executing POST on /session/1a7a520354f69f0cdb560c634d21ae26/element (handler: ServicedSession)
16:54:06.489 INFO - To upstream: {"using":"css selector","value":"img[class=\"logoImage\"]"}
16:54:06.506 INFO - To downstream: {"sessionId":"1a7a520354f69f0cdb560c634d21ae26","status":0,"value":{"ELEMENT":"0.15241645007842175-1"}}
16:54:06.506 INFO - Found handler: org.openqa.selenium.remote.server.ServicedSession@13ab5dd
16:54:06.506 INFO - Handler thread for session 1a7a520354f69f0cdb560c634d21ae26 (chrome): Executing GET on /session/1a7a520354f69f0cdb560c634d21ae26/element/0.15241645007842175-1/displayed (handler: ServicedSession)
16:54:06.521 INFO - To downstream: {"sessionId":"1a7a520354f69f0cdb560c634d21ae26","status":0,"value":true}
16:54:11.545 INFO - Found handler: org.openqa.selenium.remote.server.ServicedSession@13ab5dd
16:54:11.545 INFO - Handler thread for session 1a7a520354f69f0cdb560c634d21ae26 (chrome): Executing POST on /session/1a7a520354f69f0cdb560c634d21ae26/element (handler: ServicedSession)
16:54:11.548 INFO - To upstream: {"using":"xpath","value":"//*[@id=\"bySelection\"]/div[2]/div/span"}
16:54:11.557 INFO - To downstream: {"sessionId":"1a7a520354f69f0cdb560c634d21ae26","status":0,"value":{"ELEMENT":"0.15241645007842175-2"}}
16:54:11.557 INFO - Found handler: org.openqa.selenium.remote.server.ServicedSession@13ab5dd
16:54:11.557 INFO - Handler thread for session 1a7a520354f69f0cdb560c634d21ae26 (chrome): Executing POST on /session/1a7a520354f69f0cdb560c634d21ae26/element/0.15241645007842175-2/click (handler: ServicedSession)
16:54:11.557 INFO - To upstream: 
16:54:11.792 INFO - To downstream: {"sessionId":"1a7a520354f69f0cdb560c634d21ae26","status":0,"value":null}
16:54:11.809 INFO - Found handler: org.openqa.selenium.remote.server.ServicedSession@13ab5dd
16:54:11.810 INFO - Handler thread for session 1a7a520354f69f0cdb560c634d21ae26 (chrome): Executing POST on /session/1a7a520354f69f0cdb560c634d21ae26/elements (handler: ServicedSession)
16:54:11.812 INFO - To upstream: {"using":"css selector","value":"input[id=\"userNameInput\"]"}
16:54:11.832 INFO - To downstream: {"sessionId":"1a7a520354f69f0cdb560c634d21ae26","status":0,"value":[{"ELEMENT":"0.5497141760234274-1"}]}
16:54:11.832 INFO - Found handler: org.openqa.selenium.remote.server.ServicedSession@13ab5dd
16:54:11.832 INFO - Handler thread for session 1a7a520354f69f0cdb560c634d21ae26 (chrome): Executing GET on /session/1a7a520354f69f0cdb560c634d21ae26/element/0.5497141760234274-1/displayed (handler: ServicedSession)
16:54:11.863 INFO - To downstream: {"sessionId":"1a7a520354f69f0cdb560c634d21ae26","status":0,"value":true}
16:54:11.863 INFO - Found handler: org.openqa.selenium.remote.server.ServicedSession@13ab5dd
16:54:11.863 INFO - Handler thread for session 1a7a520354f69f0cdb560c634d21ae26 (chrome): Executing POST on /session/1a7a520354f69f0cdb560c634d21ae26/elements (handler: ServicedSession)
16:54:11.863 INFO - To upstream: {"using":"css selector","value":"input[id=\"userNameInput\"]"}
16:54:11.878 INFO - To downstream: {"sessionId":"1a7a520354f69f0cdb560c634d21ae26","status":0,"value":[{"ELEMENT":"0.5497141760234274-1"}]}
16:54:11.878 INFO - Found handler: org.openqa.selenium.remote.server.ServicedSession@13ab5dd
16:54:11.878 INFO - Handler thread for session 1a7a520354f69f0cdb560c634d21ae26 (chrome): Executing GET on /session/1a7a520354f69f0cdb560c634d21ae26/element/0.5497141760234274-1/attribute/placeholder (handler: ServicedSession)
16:54:11.902 INFO - To downstream: {"sessionId":"1a7a520354f69f0cdb560c634d21ae26","status":0,"value":"someone@example.com"}
16:54:11.907 INFO - Found handler: org.openqa.selenium.remote.server.ServicedSession@13ab5dd
16:54:11.908 INFO - Handler thread for session 1a7a520354f69f0cdb560c634d21ae26 (chrome): Executing POST on /session/1a7a520354f69f0cdb560c634d21ae26/elements (handler: ServicedSession)
16:54:11.911 INFO - To upstream: {"using":"css selector","value":"input[id=\"passwordInput\"]"}
16:54:11.942 INFO - To downstream: {"sessionId":"1a7a520354f69f0cdb560c634d21ae26","status":0,"value":[{"ELEMENT":"0.5497141760234274-2"}]}
16:54:11.945 INFO - Found handler: org.openqa.selenium.remote.server.ServicedSession@13ab5dd
16:54:11.945 INFO - Handler thread for session 1a7a520354f69f0cdb560c634d21ae26 (chrome): Executing GET on /session/1a7a520354f69f0cdb560c634d21ae26/element/0.5497141760234274-2/attribute/placeholder (handler: ServicedSession)
16:54:11.961 INFO - To downstream: {"sessionId":"1a7a520354f69f0cdb560c634d21ae26","status":0,"value":"Password"}
16:54:11.966 INFO - Found handler: org.openqa.selenium.remote.server.ServicedSession@13ab5dd
16:54:11.966 INFO - Handler thread for session 1a7a520354f69f0cdb560c634d21ae26 (chrome): Executing POST on /session/1a7a520354f69f0cdb560c634d21ae26/element (handler: ServicedSession)
16:54:11.967 INFO - To upstream: {"using":"css selector","value":"span[id=\"submitButton\"]"}
16:54:11.993 INFO - To downstream: {"sessionId":"1a7a520354f69f0cdb560c634d21ae26","status":0,"value":{"ELEMENT":"0.5497141760234274-3"}}
16:54:11.997 INFO - Found handler: org.openqa.selenium.remote.server.ServicedSession@13ab5dd
16:54:11.998 INFO - Handler thread for session 1a7a520354f69f0cdb560c634d21ae26 (chrome): Executing GET on /session/1a7a520354f69f0cdb560c634d21ae26/element/0.5497141760234274-3/displayed (handler: ServicedSession)
16:54:12.026 INFO - To downstream: {"sessionId":"1a7a520354f69f0cdb560c634d21ae26","status":0,"value":true}
16:54:12.030 INFO - Found handler: org.openqa.selenium.remote.server.ServicedSession@13ab5dd
16:54:12.030 INFO - Handler thread for session 1a7a520354f69f0cdb560c634d21ae26 (chrome): Executing POST on /session/1a7a520354f69f0cdb560c634d21ae26/element (handler: ServicedSession)
16:54:12.032 INFO - To upstream: {"using":"css selector","value":"span[id=\"submitButton\"]"}
16:54:12.033 INFO - To downstream: {"sessionId":"1a7a520354f69f0cdb560c634d21ae26","status":0,"value":{"ELEMENT":"0.5497141760234274-3"}}
16:54:12.033 INFO - Found handler: org.openqa.selenium.remote.server.ServicedSession@13ab5dd
16:54:12.033 INFO - Handler thread for session 1a7a520354f69f0cdb560c634d21ae26 (chrome): Executing GET on /session/1a7a520354f69f0cdb560c634d21ae26/element/0.5497141760234274-3/text (handler: ServicedSession)
16:54:12.077 INFO - To downstream: {"sessionId":"1a7a520354f69f0cdb560c634d21ae26","status":0,"value":"Sign in"}
16:54:12.083 INFO - Found handler: org.openqa.selenium.remote.server.ServicedSession@13ab5dd
16:54:12.083 INFO - Handler thread for session 1a7a520354f69f0cdb560c634d21ae26 (chrome): Executing DELETE on /session/1a7a520354f69f0cdb560c634d21ae26 (handler: ServicedSession)
16:54:12.216 INFO - To downstream: {"sessionId":"1a7a520354f69f0cdb560c634d21ae26","status":0,"value":null}
16:54:12.230 INFO - Removing session org.openqa.selenium.remote.server.ServicedSession@13ab5dd
